<?xml version="1.0" encoding="UTF-8"?>
<testng-results ignored="3" total="6" passed="2" failed="1" skipped="0">
  <reporter-output>
  </reporter-output>
  <suite started-at="2025-01-29T11:55:34 GMT" name="Smoke Tests" finished-at="2025-01-29T11:56:05 GMT" duration-ms="30834">
    <groups>
      <group name="Purchase">
        <method signature="SubmitOrderTest.submitOrder(java.util.HashMap)[pri:0, instance:ecommerce.tests.SubmitOrderTest@24105dc5]" name="submitOrder" class="ecommerce.tests.SubmitOrderTest"/>
      </group> <!-- Purchase -->
      <group name="Login">
        <method signature="LoginTests.successfulLoginTest(java.util.HashMap)[pri:0, instance:ecommerce.tests.LoginTests@700fb871]" name="successfulLoginTest" class="ecommerce.tests.LoginTests"/>
      </group> <!-- Login -->
    </groups>
    <test started-at="2025-01-29T11:55:34 GMT" name="Smoke Test Suite" finished-at="2025-01-29T11:56:05 GMT" duration-ms="30834">
      <class name="ecommerce.tests.SubmitOrderTest">
        <test-method is-config="true" signature="launchApplication()[pri:0, instance:ecommerce.tests.SubmitOrderTest@24105dc5]" started-at="2025-01-29T11:55:54 GMT" name="launchApplication" finished-at="2025-01-29T11:55:59 GMT" duration-ms="5316" status="PASS">
          <reporter-output>
          </reporter-output>
        </test-method> <!-- launchApplication -->
        <test-method signature="submitOrder(java.util.HashMap)[pri:0, instance:ecommerce.tests.SubmitOrderTest@24105dc5]" started-at="2025-01-29T11:55:59 GMT" name="submitOrder" data-provider="getData" finished-at="2025-01-29T11:56:04 GMT" duration-ms="5380" status="FAIL">
          <params>
            <param index="0">
              <value>
                <![CDATA[{password=potom, product=QWERTY, email=igorz760@gmail.com}]]>
              </value>
            </param>
          </params>
          <exception class="org.openqa.selenium.ElementClickInterceptedException">
            <message>
              <![CDATA[element click intercepted: Element is not clickable at point (1156, 636)
  (Session info: chrome=132.0.6834.159)
Build info: version: '4.27.0', revision: 'd6e718d134'
System info: os.name: 'Windows 11', os.arch: 'amd64', os.version: '10.0', java.version: '21.0.2'
Driver info: org.openqa.selenium.chrome.ChromeDriver
Command: [0a9464832f83b5d9c2c41c367b33e770, clickElement {id=f.5170304CFA931F45CE389BB6A390C7FF.d.83FBFAFD13B17D062EDEAACC8547361B.e.125}]
Capabilities {acceptInsecureCerts: false, browserName: chrome, browserVersion: 132.0.6834.159, chrome: {chromedriverVersion: 132.0.6834.159 (2d77d3fc445..., userDataDir: C:\Users\tstar\AppData\Loca...}, fedcm:accounts: true, goog:chromeOptions: {debuggerAddress: localhost:6682}, networkConnectionEnabled: false, pageLoadStrategy: normal, platformName: windows, proxy: Proxy(), se:cdp: ws://localhost:6682/devtool..., se:cdpVersion: 132.0.6834.159, setWindowRect: true, strictFileInteractability: false, timeouts: {implicit: 0, pageLoad: 300000, script: 30000}, unhandledPromptBehavior: dismiss and notify, webauthn:extension:credBlob: true, webauthn:extension:largeBlob: true, webauthn:extension:minPinLength: true, webauthn:extension:prf: true, webauthn:virtualAuthenticators: true}
Element: [[ChromeDriver: chrome on windows (0a9464832f83b5d9c2c41c367b33e770)] -> css selector: .action__submit]
Session ID: 0a9464832f83b5d9c2c41c367b33e770]]>
            </message>
            <full-stacktrace>
              <![CDATA[org.openqa.selenium.ElementClickInterceptedException: element click intercepted: Element is not clickable at point (1156, 636)
  (Session info: chrome=132.0.6834.159)
Build info: version: '4.27.0', revision: 'd6e718d134'
System info: os.name: 'Windows 11', os.arch: 'amd64', os.version: '10.0', java.version: '21.0.2'
Driver info: org.openqa.selenium.chrome.ChromeDriver
Command: [0a9464832f83b5d9c2c41c367b33e770, clickElement {id=f.5170304CFA931F45CE389BB6A390C7FF.d.83FBFAFD13B17D062EDEAACC8547361B.e.125}]
Capabilities {acceptInsecureCerts: false, browserName: chrome, browserVersion: 132.0.6834.159, chrome: {chromedriverVersion: 132.0.6834.159 (2d77d3fc445..., userDataDir: C:\Users\tstar\AppData\Loca...}, fedcm:accounts: true, goog:chromeOptions: {debuggerAddress: localhost:6682}, networkConnectionEnabled: false, pageLoadStrategy: normal, platformName: windows, proxy: Proxy(), se:cdp: ws://localhost:6682/devtool..., se:cdpVersion: 132.0.6834.159, setWindowRect: true, strictFileInteractability: false, timeouts: {implicit: 0, pageLoad: 300000, script: 30000}, unhandledPromptBehavior: dismiss and notify, webauthn:extension:credBlob: true, webauthn:extension:largeBlob: true, webauthn:extension:minPinLength: true, webauthn:extension:prf: true, webauthn:virtualAuthenticators: true}
Element: [[ChromeDriver: chrome on windows (0a9464832f83b5d9c2c41c367b33e770)] -> css selector: .action__submit]
Session ID: 0a9464832f83b5d9c2c41c367b33e770
at java.base/jdk.internal.reflect.DirectConstructorHandleAccessor.newInstance(DirectConstructorHandleAccessor.java:62)
at java.base/java.lang.reflect.Constructor.newInstanceWithCaller(Constructor.java:502)
at java.base/java.lang.reflect.Constructor.newInstance(Constructor.java:486)
at org.openqa.selenium.remote.ErrorCodec.decode(ErrorCodec.java:167)
at org.openqa.selenium.remote.codec.w3c.W3CHttpResponseCodec.decode(W3CHttpResponseCodec.java:138)
at org.openqa.selenium.remote.codec.w3c.W3CHttpResponseCodec.decode(W3CHttpResponseCodec.java:50)
at org.openqa.selenium.remote.HttpCommandExecutor.execute(HttpCommandExecutor.java:190)
at org.openqa.selenium.remote.service.DriverCommandExecutor.invokeExecute(DriverCommandExecutor.java:216)
at org.openqa.selenium.remote.service.DriverCommandExecutor.execute(DriverCommandExecutor.java:174)
at org.openqa.selenium.remote.RemoteWebDriver.execute(RemoteWebDriver.java:545)
at org.openqa.selenium.remote.RemoteWebElement.execute(RemoteWebElement.java:223)
at org.openqa.selenium.remote.RemoteWebElement.click(RemoteWebElement.java:76)
at java.base/jdk.internal.reflect.DirectMethodHandleAccessor.invoke(DirectMethodHandleAccessor.java:103)
at java.base/java.lang.reflect.Method.invoke(Method.java:580)
at org.openqa.selenium.support.pagefactory.internal.LocatingElementHandler.invoke(LocatingElementHandler.java:51)
at jdk.proxy2/jdk.proxy2.$Proxy16.click(Unknown Source)
at ecommerce.pageobjects.CheckoutPage.submitOrder(CheckoutPage.java:48)
at ecommerce.tests.SubmitOrderTest.submitOrder(SubmitOrderTest.java:38)
at java.base/jdk.internal.reflect.DirectMethodHandleAccessor.invoke(DirectMethodHandleAccessor.java:103)
at java.base/java.lang.reflect.Method.invoke(Method.java:580)
at org.testng.internal.invokers.MethodInvocationHelper.invokeMethod(MethodInvocationHelper.java:139)
at org.testng.internal.invokers.TestInvoker.invokeMethod(TestInvoker.java:677)
at org.testng.internal.invokers.TestInvoker.invokeTestMethod(TestInvoker.java:221)
at org.testng.internal.invokers.MethodRunner.runInSequence(MethodRunner.java:50)
at org.testng.internal.invokers.TestInvoker$MethodInvocationAgent.invoke(TestInvoker.java:969)
at org.testng.internal.invokers.TestInvoker.invokeTestMethods(TestInvoker.java:194)
at org.testng.internal.invokers.TestMethodWorker.invokeTestMethods(TestMethodWorker.java:148)
at org.testng.internal.invokers.TestMethodWorker.run(TestMethodWorker.java:128)
at java.base/java.util.ArrayList.forEach(ArrayList.java:1596)
at org.testng.TestRunner.privateRun(TestRunner.java:829)
at org.testng.TestRunner.run(TestRunner.java:602)
at org.testng.SuiteRunner.runTest(SuiteRunner.java:437)
at org.testng.SuiteRunner$SuiteWorker.run(SuiteRunner.java:475)
at org.testng.internal.thread.ThreadUtil.lambda$execute$0(ThreadUtil.java:58)
at java.base/java.util.concurrent.FutureTask.run(FutureTask.java:317)
at java.base/java.util.concurrent.ThreadPoolExecutor.runWorker(ThreadPoolExecutor.java:1144)
at java.base/java.util.concurrent.ThreadPoolExecutor$Worker.run(ThreadPoolExecutor.java:642)
at java.base/java.lang.Thread.run(Thread.java:1583)
]]>
            </full-stacktrace>
          </exception> <!-- org.openqa.selenium.ElementClickInterceptedException -->
          <reporter-output>
          </reporter-output>
        </test-method> <!-- submitOrder -->
        <test-method is-config="true" signature="tearDown()[pri:0, instance:ecommerce.tests.SubmitOrderTest@24105dc5]" started-at="2025-01-29T11:56:05 GMT" name="tearDown" finished-at="2025-01-29T11:56:05 GMT" duration-ms="136" status="PASS">
          <reporter-output>
          </reporter-output>
        </test-method> <!-- tearDown -->
      </class> <!-- ecommerce.tests.SubmitOrderTest -->
      <class name="ecommerce.tests.LoginTests">
        <test-method is-config="true" signature="launchApplication()[pri:0, instance:ecommerce.tests.LoginTests@700fb871]" started-at="2025-01-29T11:55:34 GMT" name="launchApplication" finished-at="2025-01-29T11:55:46 GMT" duration-ms="11989" status="PASS">
          <reporter-output>
          </reporter-output>
        </test-method> <!-- launchApplication -->
        <test-method signature="successfulLoginTest(java.util.HashMap)[pri:0, instance:ecommerce.tests.LoginTests@700fb871]" started-at="2025-01-29T11:55:46 GMT" name="successfulLoginTest" data-provider="getData" finished-at="2025-01-29T11:55:48 GMT" duration-ms="1303" status="PASS">
          <params>
            <param index="0">
              <value>
                <![CDATA[{password=potom, product=QWERTY, email=igorz760@gmail.com}]]>
              </value>
            </param>
          </params>
          <reporter-output>
          </reporter-output>
        </test-method> <!-- successfulLoginTest -->
        <test-method is-config="true" signature="tearDown()[pri:0, instance:ecommerce.tests.LoginTests@700fb871]" started-at="2025-01-29T11:55:48 GMT" name="tearDown" finished-at="2025-01-29T11:55:48 GMT" duration-ms="160" status="PASS">
          <reporter-output>
          </reporter-output>
        </test-method> <!-- tearDown -->
        <test-method is-config="true" signature="launchApplication()[pri:0, instance:ecommerce.tests.LoginTests@700fb871]" started-at="2025-01-29T11:55:48 GMT" name="launchApplication" finished-at="2025-01-29T11:55:53 GMT" duration-ms="5444" status="PASS">
          <reporter-output>
          </reporter-output>
        </test-method> <!-- launchApplication -->
        <test-method signature="forgotPasswordLinkTest()[pri:0, instance:ecommerce.tests.LoginTests@700fb871]" started-at="2025-01-29T11:55:53 GMT" name="forgotPasswordLinkTest" finished-at="2025-01-29T11:55:53 GMT" duration-ms="260" status="PASS">
          <reporter-output>
          </reporter-output>
        </test-method> <!-- forgotPasswordLinkTest -->
        <test-method is-config="true" signature="tearDown()[pri:0, instance:ecommerce.tests.LoginTests@700fb871]" started-at="2025-01-29T11:55:53 GMT" name="tearDown" finished-at="2025-01-29T11:55:54 GMT" duration-ms="108" status="PASS">
          <reporter-output>
          </reporter-output>
        </test-method> <!-- tearDown -->
      </class> <!-- ecommerce.tests.LoginTests -->
    </test> <!-- Smoke Test Suite -->
  </suite> <!-- Smoke Tests -->
</testng-results>
