<?xml version="1.0" encoding="UTF-8"?>
<!-- Generated by org.testng.reporters.JUnitXMLReporter -->
<testsuite ignored="3" hostname="LAPTOP-FQQEV6LJ" failures="0" tests="1" name="Default test" time="10.018" errors="0" timestamp="2025-01-30T10:22:50 GMT">
  <testcase classname="ecommerce.tests.LoginTests" name="successfulLoginTest" time="1.517"/>
  <testcase classname="ecommerce.tests.LoginTests" name="registerLinkTest" time="0.0">
    <ignored/>
  </testcase> <!-- registerLinkTest -->
  <testcase classname="ecommerce.tests.LoginTests" name="invalidLoginTest" time="0.0">
    <ignored/>
  </testcase> <!-- invalidLoginTest -->
  <testcase classname="ecommerce.tests.LoginTests" name="forgotPasswordLinkTest" time="0.0">
    <ignored/>
  </testcase> <!-- forgotPasswordLinkTest -->
</testsuite> <!-- Default test -->
