<?xml version="1.0" encoding="UTF-8"?>
<!-- Generated by org.testng.reporters.JUnitXMLReporter -->
<testsuite ignored="4" hostname="LAPTOP-FQQEV6LJ" failures="0" tests="0" name="Sanity Test Suite" time="21.506" errors="0" timestamp="2025-01-28T09:50:56 GMT">
  <testcase classname="rahulshettyacademy.tests.SubmitOrderTest" name="OrderHistoryTest" time="0.0">
    <ignored/>
  </testcase> <!-- OrderHistoryTest -->
  <testcase classname="rahulshettyacademy.tests.UserRegistrationTests" name="verifyPasswordStrengthValidation" time="0.0">
    <ignored/>
  </testcase> <!-- verifyPasswordStrengthValidation -->
  <testcase classname="rahulshettyacademy.tests.UserRegistrationTests" name="validateMultipleInvalidEmails" time="0.0">
    <ignored/>
  </testcase> <!-- validateMultipleInvalidEmails -->
  <testcase classname="rahulshettyacademy.tests.SubmitOrderTest" name="submitOrder" time="0.0">
    <ignored/>
  </testcase> <!-- submitOrder -->
</testsuite> <!-- Sanity Test Suite -->
