<?xml version="1.0" encoding="UTF-8"?>
<!-- Generated by org.testng.reporters.JUnitXMLReporter -->
<testsuite ignored="0" hostname="LAPTOP-FQQEV6LJ" failures="0" tests="4" name="Default test" time="8.876" errors="0" timestamp="2025-02-03T20:23:08 GMT">
  <testcase classname="api.test.UserTests" name="testPostUser" time="4.704"/>
  <testcase classname="api.test.UserTests" name="testGetUserByName" time="1.68"/>
  <testcase classname="api.test.UserTests" name="testUpdateUserByName" time="1.256"/>
  <testcase classname="api.test.UserTests" name="testDeleteUserByName" time="1.114"/>
</testsuite> <!-- Default test -->
